# JRE version: Java(TM) SE Runtime Environment (8.0_121-b13) (build 1.8.0_121-b13)
# Java VM: Java HotSpot(TM) 64-Bit Server VM (25.121-b13 mixed mode linux-amd64 compressed oops)
Heap:
 PSYoungGen      total 20992K, used 2934K [0x00000000ebe00000, 0x00000000ed780000, 0x0000000100000000)
  eden space 15872K, 17% used [0x00000000ebe00000,0x00000000ec0bdb68,0x00000000ecd80000)
  from space 5120K, 2% used [0x00000000ed280000,0x00000000ed2a0000,0x00000000ed780000)
  to   space 5120K, 0% used [0x00000000ecd80000,0x00000000ecd80000,0x00000000ed280000)
 ParOldGen       total 42496K, used 5761K [0x00000000c3a00000, 0x00000000c6380000, 0x00000000ebe00000)
  object space 42496K, 13% used [0x00000000c3a00000,0x00000000c3fa0490,0x00000000c6380000)
 Metaspace       used 15394K, capacity 15520K, committed 15616K, reserved 1062912K
  class space    used 2226K, capacity 2296K, committed 2304K, reserved 1048576K
GC Heap History (10 events):
Event: 1015.521 GC heap before
{Heap before GC invocations=10 (full 0):
 PSYoungGen      total 21504K, used 16000K [0x00000000ebe00000, 0x00000000ed880000, 0x0000000100000000)
  eden space 15872K, 100% used [0x00000000ebe00000,0x00000000ecd80000,0x00000000ecd80000)
  from space 5632K, 2% used [0x00000000ecd80000,0x00000000ecda0000,0x00000000ed300000)
  to   space 5632K, 0% used [0x00000000ed300000,0x00000000ed300000,0x00000000ed880000)
 ParOldGen       total 42496K, used 5653K [0x00000000c3a00000, 0x00000000c6380000, 0x00000000ebe00000)
  object space 42496K, 13% used [0x00000000c3a00000,0x00000000c3f85480,0x00000000c6380000)
 Metaspace       used 15293K, capacity 15456K, committed 15616K, reserved 1062912K
  class space    used 2222K, capacity 2296K, committed 2304K, reserved 1048576K
Event: 1015.523 GC heap after
Heap after GC invocations=10 (full 0):
 PSYoungGen      total 21504K, used 64K [0x00000000ebe00000, 0x00000000ed880000, 0x0000000100000000)
  eden space 15872K, 0% used [0x00000000ebe00000,0x00000000ebe00000,0x00000000ecd80000)
  from space 5632K, 1% used [0x00000000ed300000,0x00000000ed310000,0x00000000ed880000)
  to   space 5632K, 0% used [0x00000000ecd80000,0x00000000ecd80000,0x00000000ed300000)
 ParOldGen       total 42496K, used 5669K [0x00000000c3a00000, 0x00000000c6380000, 0x00000000ebe00000)
  object space 42496K, 13% used [0x00000000c3a00000,0x00000000c3f89480,0x00000000c6380000)
 Metaspace       used 15293K, capacity 15456K, committed 15616K, reserved 1062912K
  class space    used 2222K, capacity 2296K, committed 2304K, reserved 1048576K
}
Event: 1132.214 GC heap before
{Heap before GC invocations=11 (full 0):
 PSYoungGen      total 21504K, used 15936K [0x00000000ebe00000, 0x00000000ed880000, 0x0000000100000000)
  eden space 15872K, 100% used [0x00000000ebe00000,0x00000000ecd80000,0x00000000ecd80000)
  from space 5632K, 1% used [0x00000000ed300000,0x00000000ed310000,0x00000000ed880000)
  to   space 5632K, 0% used [0x00000000ecd80000,0x00000000ecd80000,0x00000000ed300000)
 ParOldGen       total 42496K, used 5669K [0x00000000c3a00000, 0x00000000c6380000, 0x00000000ebe00000)
  object space 42496K, 13% used [0x00000000c3a00000,0x00000000c3f89480,0x00000000c6380000)
 Metaspace       used 15327K, capacity 15456K, committed 15616K, reserved 1062912K
  class space    used 2222K, capacity 2296K, committed 2304K, reserved 1048576K
Event: 1132.219 GC heap after
Heap after GC invocations=11 (full 0):
 PSYoungGen      total 21504K, used 64K [0x00000000ebe00000, 0x00000000ed880000, 0x0000000100000000)
  eden space 15872K, 0% used [0x00000000ebe00000,0x00000000ebe00000,0x00000000ecd80000)
  from space 5632K, 1% used [0x00000000ecd80000,0x00000000ecd90000,0x00000000ed300000)
  to   space 5632K, 0% used [0x00000000ed300000,0x00000000ed300000,0x00000000ed880000)
 ParOldGen       total 42496K, used 5685K [0x00000000c3a00000, 0x00000000c6380000, 0x00000000ebe00000)
  object space 42496K, 13% used [0x00000000c3a00000,0x00000000c3f8d480,0x00000000c6380000)
 Metaspace       used 15327K, capacity 15456K, committed 15616K, reserved 1062912K
  class space    used 2222K, capacity 2296K, committed 2304K, reserved 1048576K
}
Event: 1899.045 GC heap before
{Heap before GC invocations=12 (full 0):
 PSYoungGen      total 21504K, used 15936K [0x00000000ebe00000, 0x00000000ed880000, 0x0000000100000000)
  eden space 15872K, 100% used [0x00000000ebe00000,0x00000000ecd80000,0x00000000ecd80000)
  from space 5632K, 1% used [0x00000000ecd80000,0x00000000ecd90000,0x00000000ed300000)
  to   space 5632K, 0% used [0x00000000ed300000,0x00000000ed300000,0x00000000ed880000)
 ParOldGen       total 42496K, used 5685K [0x00000000c3a00000, 0x00000000c6380000, 0x00000000ebe00000)
  object space 42496K, 13% used [0x00000000c3a00000,0x00000000c3f8d480,0x00000000c6380000)
 Metaspace       used 15365K, capacity 15520K, committed 15616K, reserved 1062912K
  class space    used 2226K, capacity 2296K, committed 2304K, reserved 1048576K
Event: 1899.081 GC heap after
Heap after GC invocations=12 (full 0):
 PSYoungGen      total 21504K, used 160K [0x00000000ebe00000, 0x00000000ed880000, 0x0000000100000000)
  eden space 15872K, 0% used [0x00000000ebe00000,0x00000000ebe00000,0x00000000ecd80000)
  from space 5632K, 2% used [0x00000000ed300000,0x00000000ed328000,0x00000000ed880000)
  to   space 5632K, 0% used [0x00000000ecd80000,0x00000000ecd80000,0x00000000ed300000)
 ParOldGen       total 42496K, used 5709K [0x00000000c3a00000, 0x00000000c6380000, 0x00000000ebe00000)
  object space 42496K, 13% used [0x00000000c3a00000,0x00000000c3f93480,0x00000000c6380000)
 Metaspace       used 15365K, capacity 15520K, committed 15616K, reserved 1062912K
  class space    used 2226K, capacity 2296K, committed 2304K, reserved 1048576K
}
Event: 1900.745 GC heap before
{Heap before GC invocations=13 (full 0):
 PSYoungGen      total 21504K, used 16032K [0x00000000ebe00000, 0x00000000ed880000, 0x0000000100000000)
  eden space 15872K, 100% used [0x00000000ebe00000,0x00000000ecd80000,0x00000000ecd80000)
  from space 5632K, 2% used [0x00000000ed300000,0x00000000ed328000,0x00000000ed880000)
  to   space 5632K, 0% used [0x00000000ecd80000,0x00000000ecd80000,0x00000000ed300000)
 ParOldGen       total 42496K, used 5709K [0x00000000c3a00000, 0x00000000c6380000, 0x00000000ebe00000)
  object space 42496K, 13% used [0x00000000c3a00000,0x00000000c3f93480,0x00000000c6380000)
 Metaspace       used 15377K, capacity 15520K, committed 15616K, reserved 1062912K
  class space    used 2226K, capacity 2296K, committed 2304K, reserved 1048576K
Event: 1900.748 GC heap after
Heap after GC invocations=13 (full 0):
 PSYoungGen      total 16384K, used 32K [0x00000000ebe00000, 0x00000000ed780000, 0x0000000100000000)
  eden space 15872K, 0% used [0x00000000ebe00000,0x00000000ebe00000,0x00000000ecd80000)
  from space 512K, 6% used [0x00000000ecd80000,0x00000000ecd88000,0x00000000ece00000)
  to   space 5120K, 0% used [0x00000000ed280000,0x00000000ed280000,0x00000000ed780000)
 ParOldGen       total 42496K, used 5737K [0x00000000c3a00000, 0x00000000c6380000, 0x00000000ebe00000)
  object space 42496K, 13% used [0x00000000c3a00000,0x00000000c3f9a490,0x00000000c6380000)
 Metaspace       used 15377K, capacity 15520K, committed 15616K, reserved 1062912K
  class space    used 2226K, capacity 2296K, committed 2304K, reserved 1048576K
}
Event: 1996.305 GC heap before
{Heap before GC invocations=14 (full 0):
 PSYoungGen      total 16384K, used 15904K [0x00000000ebe00000, 0x00000000ed780000, 0x0000000100000000)
  eden space 15872K, 100% used [0x00000000ebe00000,0x00000000ecd80000,0x00000000ecd80000)
  from space 512K, 6% used [0x00000000ecd80000,0x00000000ecd88000,0x00000000ece00000)
  to   space 5120K, 0% used [0x00000000ed280000,0x00000000ed280000,0x00000000ed780000)
 ParOldGen       total 42496K, used 5737K [0x00000000c3a00000, 0x00000000c6380000, 0x00000000ebe00000)
  object space 42496K, 13% used [0x00000000c3a00000,0x00000000c3f9a490,0x00000000c6380000)
 Metaspace       used 15394K, capacity 15520K, committed 15616K, reserved 1062912K
  class space    used 2226K, capacity 2296K, committed 2304K, reserved 1048576K
Event: 1996.331 GC heap after
Heap after GC invocations=14 (full 0):
 PSYoungGen      total 20992K, used 128K [0x00000000ebe00000, 0x00000000ed780000, 0x0000000100000000)
  eden space 15872K, 0% used [0x00000000ebe00000,0x00000000ebe00000,0x00000000ecd80000)
  from space 5120K, 2% used [0x00000000ed280000,0x00000000ed2a0000,0x00000000ed780000)
  to   space 5120K, 0% used [0x00000000ecd80000,0x00000000ecd80000,0x00000000ed280000)
 ParOldGen       total 42496K, used 5761K [0x00000000c3a00000, 0x00000000c6380000, 0x00000000ebe00000)
  object space 42496K, 13% used [0x00000000c3a00000,0x00000000c3fa0490,0x00000000c6380000)
 Metaspace       used 15394K, capacity 15520K, committed 15616K, reserved 1062912K
  class space    used 2226K, capacity 2296K, committed 2304K, reserved 1048576K
}

